Traceback (most recent call last):
  File "/opt/hostedtoolcache/Python/3.10.18/x64/lib/python3.10/site-packages/jupyter_core/utils/__init__.py", line 154, in wrapped
    asyncio.get_running_loop()
RuntimeError: no running event loop

During handling of the above exception, another exception occurred:

Traceback (most recent call last):
  File "/opt/hostedtoolcache/Python/3.10.18/x64/lib/python3.10/site-packages/jupyter_cache/executors/utils.py", line 58, in single_nb_execution
    executenb(
  File "/opt/hostedtoolcache/Python/3.10.18/x64/lib/python3.10/site-packages/nbclient/client.py", line 1319, in execute
    return NotebookClient(nb=nb, resources=resources, km=km, **kwargs).execute()
  File "/opt/hostedtoolcache/Python/3.10.18/x64/lib/python3.10/site-packages/jupyter_core/utils/__init__.py", line 158, in wrapped
    return loop.run_until_complete(inner)
  File "/opt/hostedtoolcache/Python/3.10.18/x64/lib/python3.10/asyncio/base_events.py", line 649, in run_until_complete
    return future.result()
  File "/opt/hostedtoolcache/Python/3.10.18/x64/lib/python3.10/site-packages/nbclient/client.py", line 709, in async_execute
    await self.async_execute_cell(
  File "/opt/hostedtoolcache/Python/3.10.18/x64/lib/python3.10/site-packages/nbclient/client.py", line 1062, in async_execute_cell
    await self._check_raise_for_error(cell, cell_index, exec_reply)
  File "/opt/hostedtoolcache/Python/3.10.18/x64/lib/python3.10/site-packages/nbclient/client.py", line 918, in _check_raise_for_error
    raise CellExecutionError.from_cell_and_msg(cell, exec_reply_content)
nbclient.exceptions.CellExecutionError: An error occurred while executing the following cell:
------------------
df == df_test
------------------


[0;31m---------------------------------------------------------------------------[0m
[0;31mValueError[0m                                Traceback (most recent call last)
[0;32m/tmp/ipykernel_2219/2734448559.py[0m in [0;36m?[0;34m()[0m
[0;32m----> 1[0;31m [0mdf[0m [0;34m==[0m [0mdf_test[0m[0;34m[0m[0;34m[0m[0m
[0m
[0;32m/opt/hostedtoolcache/Python/3.10.18/x64/lib/python3.10/site-packages/pandas/core/ops/common.py[0m in [0;36m?[0;34m(self, other)[0m
[1;32m     72[0m                     [0;32mreturn[0m [0mNotImplemented[0m[0;34m[0m[0;34m[0m[0m
[1;32m     73[0m [0;34m[0m[0m
[1;32m     74[0m         [0mother[0m [0;34m=[0m [0mitem_from_zerodim[0m[0;34m([0m[0mother[0m[0;34m)[0m[0;34m[0m[0;34m[0m[0m
[1;32m     75[0m [0;34m[0m[0m
[0;32m---> 76[0;31m         [0;32mreturn[0m [0mmethod[0m[0;34m([0m[0mself[0m[0;34m,[0m [0mother[0m[0;34m)[0m[0;34m[0m[0;34m[0m[0m
[0m
[0;32m/opt/hostedtoolcache/Python/3.10.18/x64/lib/python3.10/site-packages/pandas/core/arraylike.py[0m in [0;36m?[0;34m(self, other)[0m
[1;32m     38[0m     [0;34m@[0m[0munpack_zerodim_and_defer[0m[0;34m([0m[0;34m"__eq__"[0m[0;34m)[0m[0;34m[0m[0;34m[0m[0m
[1;32m     39[0m     [0;32mdef[0m [0m__eq__[0m[0;34m([0m[0mself[0m[0;34m,[0m [0mother[0m[0;34m)[0m[0;34m:[0m[0;34m[0m[0;34m[0m[0m
[0;32m---> 40[0;31m         [0;32mreturn[0m [0mself[0m[0;34m.[0m[0m_cmp_method[0m[0;34m([0m[0mother[0m[0;34m,[0m [0moperator[0m[0;34m.[0m[0meq[0m[0;34m)[0m[0;34m[0m[0;34m[0m[0m
[0m
[0;32m/opt/hostedtoolcache/Python/3.10.18/x64/lib/python3.10/site-packages/pandas/core/frame.py[0m in [0;36m?[0;34m(self, other, op)[0m
[1;32m   7901[0m     [0;32mdef[0m [0m_cmp_method[0m[0;34m([0m[0mself[0m[0;34m,[0m [0mother[0m[0;34m,[0m [0mop[0m[0;34m)[0m[0;34m:[0m[0;34m[0m[0;34m[0m[0m
[1;32m   7902[0m         [0maxis[0m[0;34m:[0m [0mLiteral[0m[0;34m[[0m[0;36m1[0m[0;34m][0m [0;34m=[0m [0;36m1[0m  [0;31m# only relevant for Series other case[0m[0;34m[0m[0;34m[0m[0m
[1;32m   7903[0m [0;34m[0m[0m
[0;32m-> 7904[0;31m         [0mself[0m[0;34m,[0m [0mother[0m [0;34m=[0m [0mself[0m[0;34m.[0m[0m_align_for_op[0m[0;34m([0m[0mother[0m[0;34m,[0m [0maxis[0m[0;34m,[0m [0mflex[0m[0;34m=[0m[0;32mFalse[0m[0;34m,[0m [0mlevel[0m[0;34m=[0m[0;32mNone[0m[0;34m)[0m[0;34m[0m[0;34m[0m[0m
[0m[1;32m   7905[0m [0;34m[0m[0m
[1;32m   7906[0m         [0;31m# See GH#4537 for discussion of scalar op behavior[0m[0;34m[0m[0;34m[0m[0m
[1;32m   7907[0m         [0mnew_data[0m [0;34m=[0m [0mself[0m[0;34m.[0m[0m_dispatch_frame_op[0m[0;34m([0m[0mother[0m[0;34m,[0m [0mop[0m[0;34m,[0m [0maxis[0m[0;34m=[0m[0maxis[0m[0;34m)[0m[0;34m[0m[0;34m[0m[0m

[0;32m/opt/hostedtoolcache/Python/3.10.18/x64/lib/python3.10/site-packages/pandas/core/frame.py[0m in [0;36m?[0;34m(self, other, axis, flex, level)[0m
[1;32m   8199[0m                     left, right = left.align(
[1;32m   8200[0m                         [0mright[0m[0;34m,[0m [0mjoin[0m[0;34m=[0m[0;34m"outer"[0m[0;34m,[0m [0mlevel[0m[0;34m=[0m[0mlevel[0m[0;34m,[0m [0mcopy[0m[0;34m=[0m[0;32mFalse[0m[0;34m[0m[0;34m[0m[0m
[1;32m   8201[0m                     )
[1;32m   8202[0m                 [0;32melse[0m[0;34m:[0m[0;34m[0m[0;34m[0m[0m
[0;32m-> 8203[0;31m                     raise ValueError(
[0m[1;32m   8204[0m                         [0;34m"Can only compare identically-labeled (both index and columns) "[0m[0;34m[0m[0;34m[0m[0m
[1;32m   8205[0m                         [0;34m"DataFrame objects"[0m[0;34m[0m[0;34m[0m[0m
[1;32m   8206[0m                     )

[0;31mValueError[0m: Can only compare identically-labeled (both index and columns) DataFrame objects

